#
# There is insufficient memory for the Java Runtime Environment to continue.
# Native memory allocation (malloc) failed to allocate 32744 bytes for ChunkPool::allocate
# Possible reasons:
#   The system is out of physical RAM or swap space
#   In 32 bit mode, the process size limit was hit
# Possible solutions:
#   Reduce memory load on the system
#   Increase physical memory or swap space
#   Check if swap backing store is full
#   Use 64 bit Java on a 64 bit OS
#   Decrease Java heap size (-Xmx/-Xms)
#   Decrease number of Java threads
#   Decrease Java thread stack sizes (-Xss)
#   Set larger code cache with -XX:ReservedCodeCacheSize=
# This output file may be truncated or incomplete.
#
#  Out of Memory Error (allocation.cpp:273), pid=5616, tid=0x0000000000000290
#
# JRE version: Java(TM) SE Runtime Environment (8.0_111-b14) (build 1.8.0_111-b14)
# Java VM: Java HotSpot(TM) 64-Bit Server VM (25.111-b14 mixed mode windows-amd64 compressed oops)
# Failed to write core dump. Minidumps are not enabled by default on client versions of Windows
#

---------------  T H R E A D  ---------------

Current thread (0x000000000ca56000):  JavaThread "C2 CompilerThread0" daemon [_thread_in_native, id=656, stack(0x000000000e0a0000,0x000000000e1a0000)]

Stack: [0x000000000e0a0000,0x000000000e1a0000]
[error occurred during error reporting (printing stack bounds), id 0xc0000005]

Native frames: (J=compiled Java code, j=interpreted, Vv=VM code, C=native code)


Current CompileTask:
C2:  15061 1001   !   4       java.net.URLClassLoader$1::run (63 bytes)


---------------  P R O C E S S  ---------------

Java Threads: ( => current thread )
  0x000000000ca93800 JavaThread "Service Thread" daemon [_thread_blocked, id=6300, stack(0x000000000e3a0000,0x000000000e4a0000)]
  0x000000000ca5b800 JavaThread "C1 CompilerThread2" daemon [_thread_blocked, id=6060, stack(0x000000000e2a0000,0x000000000e3a0000)]
  0x000000000ca58800 JavaThread "C2 CompilerThread1" daemon [_thread_in_native, id=4564, stack(0x000000000e1a0000,0x000000000e2a0000)]
=>0x000000000ca56000 JavaThread "C2 CompilerThread0" daemon [_thread_in_native, id=656, stack(0x000000000e0a0000,0x000000000e1a0000)]
  0x000000000ca51000 JavaThread "Attach Listener" daemon [_thread_blocked, id=4852, stack(0x000000000dfa0000,0x000000000e0a0000)]
  0x000000000ca4e000 JavaThread "Signal Dispatcher" daemon [_thread_blocked, id=9636, stack(0x000000000dea0000,0x000000000dfa0000)]
  0x000000000ca3a000 JavaThread "Finalizer" daemon [_thread_blocked, id=1424, stack(0x000000000dcb0000,0x000000000ddb0000)]
  0x00000000027e1000 JavaThread "Reference Handler" daemon [_thread_blocked, id=3496, stack(0x000000000dbb0000,0x000000000dcb0000)]
  0x00000000026f2800 JavaThread "main" [_thread_in_vm, id=8808, stack(0x0000000002550000,0x0000000002650000)]

Other Threads:
  0x000000000ca17800 VMThread [stack: 0x000000000dab0000,0x000000000dbb0000] [id=4748]
  0x000000000e4e0800 WatcherThread [stack: 0x000000000e8a0000,0x000000000e9a0000] [id=1136]

VM state:not at safepoint (normal execution)

VM Mutex/Monitor currently owned by a thread: None

Heap:
 PSYoungGen      total 18944K, used 4533K [0x00000000f5580000, 0x00000000f6a80000, 0x0000000100000000)
  eden space 16384K, 12% used [0x00000000f5580000,0x00000000f57721a0,0x00000000f6580000)
  from space 2560K, 99% used [0x00000000f6800000,0x00000000f6a7b478,0x00000000f6a80000)
  to   space 2560K, 0% used [0x00000000f6580000,0x00000000f6580000,0x00000000f6800000)
 ParOldGen       total 44032K, used 5816K [0x00000000e0000000, 0x00000000e2b00000, 0x00000000f5580000)
  object space 44032K, 13% used [0x00000000e0000000,0x00000000e05ae328,0x00000000e2b00000)
 Metaspace       used 16108K, capacity 16360K, committed 16512K, reserved 1062912K
  class space    used 2764K, capacity 2856K, committed 2944K, reserved 1048576K

Card table byte_map: [0x000000000a9f0000,0x000000000ab00000] byte_map_base: 0x000000000a2f0000

Marking Bits: (ParMarkBitMap*) 0x0000000058b9a6c0
 Begin Bits: [0x000000000afb0000, 0x000000000b7b0000)
 End Bits:   [0x000000000b7b0000, 0x000000000bfb0000)

Polling page: 0x0000000000db0000

CodeCache: size=131072Kb used=3286Kb max_used=3286Kb free=127785Kb
 bounds [0x00000000027f0000, 0x0000000002b30000, 0x000000000a7f0000]
 total_blobs=1345 nmethods=999 adapters=258
 compilation: enabled

Compilation events (10 events):
Event: 14.780 Thread 0x000000000ca5b800 nmethod 996 0x0000000002b1f450 code [0x0000000002b1f5c0, 0x0000000002b1f858]
Event: 14.785 Thread 0x000000000ca5b800  997       1       sun.misc.URLClassPath::access$200 (5 bytes)
Event: 14.785 Thread 0x000000000ca5b800 nmethod 997 0x0000000002b1c750 code [0x0000000002b1c8a0, 0x0000000002b1c990]
Event: 14.786 Thread 0x000000000ca5b800  998       3       java.util.jar.JarFile::match (116 bytes)
Event: 14.787 Thread 0x000000000ca5b800 nmethod 998 0x0000000002b1bd50 code [0x0000000002b1bee0, 0x0000000002b1c3b0]
Event: 14.843 Thread 0x000000000ca5b800 1000       3       scala.collection.mutable.ListBuffer::$plus$plus$eq (6 bytes)
Event: 14.845 Thread 0x000000000ca5b800 nmethod 1000 0x0000000002b21650 code [0x0000000002b21860, 0x0000000002b223f8]
Event: 14.845 Thread 0x000000000ca5b800  999       1       sbt.BasicAttributeMap::backing (5 bytes)
Event: 14.845 Thread 0x000000000ca5b800 nmethod 999 0x0000000002b1ba90 code [0x0000000002b1bbe0, 0x0000000002b1bcf0]
Event: 15.001 Thread 0x000000000ca56000 1001   !   4       java.net.URLClassLoader$1::run (63 bytes)

GC Heap History (8 events):
Event: 4.932 GC heap before
{Heap before GC invocations=1 (full 0):
 PSYoungGen      total 18944K, used 16384K [0x00000000f5580000, 0x00000000f6a80000, 0x0000000100000000)
  eden space 16384K, 100% used [0x00000000f5580000,0x00000000f6580000,0x00000000f6580000)
  from space 2560K, 0% used [0x00000000f6800000,0x00000000f6800000,0x00000000f6a80000)
  to   space 2560K, 0% used [0x00000000f6580000,0x00000000f6580000,0x00000000f6800000)
 ParOldGen       total 44032K, used 0K [0x00000000e0000000, 0x00000000e2b00000, 0x00000000f5580000)
  object space 44032K, 0% used [0x00000000e0000000,0x00000000e0000000,0x00000000e2b00000)
 Metaspace       used 5743K, capacity 6806K, committed 7040K, reserved 1056768K
  class space    used 790K, capacity 818K, committed 896K, reserved 1048576K
Event: 4.939 GC heap after
Heap after GC invocations=1 (full 0):
 PSYoungGen      total 18944K, used 2546K [0x00000000f5580000, 0x00000000f6a80000, 0x0000000100000000)
  eden space 16384K, 0% used [0x00000000f5580000,0x00000000f5580000,0x00000000f6580000)
  from space 2560K, 99% used [0x00000000f6580000,0x00000000f67fc8b8,0x00000000f6800000)
  to   space 2560K, 0% used [0x00000000f6800000,0x00000000f6800000,0x00000000f6a80000)
 ParOldGen       total 44032K, used 92K [0x00000000e0000000, 0x00000000e2b00000, 0x00000000f5580000)
  object space 44032K, 0% used [0x00000000e0000000,0x00000000e0017388,0x00000000e2b00000)
 Metaspace       used 5743K, capacity 6806K, committed 7040K, reserved 1056768K
  class space    used 790K, capacity 818K, committed 896K, reserved 1048576K
}
Event: 7.390 GC heap before
{Heap before GC invocations=2 (full 0):
 PSYoungGen      total 18944K, used 18930K [0x00000000f5580000, 0x00000000f6a80000, 0x0000000100000000)
  eden space 16384K, 100% used [0x00000000f5580000,0x00000000f6580000,0x00000000f6580000)
  from space 2560K, 99% used [0x00000000f6580000,0x00000000f67fc8b8,0x00000000f6800000)
  to   space 2560K, 0% used [0x00000000f6800000,0x00000000f6800000,0x00000000f6a80000)
 ParOldGen       total 44032K, used 92K [0x00000000e0000000, 0x00000000e2b00000, 0x00000000f5580000)
  object space 44032K, 0% used [0x00000000e0000000,0x00000000e0017388,0x00000000e2b00000)
 Metaspace       used 10452K, capacity 10984K, committed 11264K, reserved 1058816K
  class space    used 1622K, capacity 1704K, committed 1792K, reserved 1048576K
Event: 7.399 GC heap after
Heap after GC invocations=2 (full 0):
 PSYoungGen      total 18944K, used 2547K [0x00000000f5580000, 0x00000000f6a80000, 0x0000000100000000)
  eden space 16384K, 0% used [0x00000000f5580000,0x00000000f5580000,0x00000000f6580000)
  from space 2560K, 99% used [0x00000000f6800000,0x00000000f6a7cdc0,0x00000000f6a80000)
  to   space 2560K, 0% used [0x00000000f6580000,0x00000000f6580000,0x00000000f6800000)
 ParOldGen       total 44032K, used 2383K [0x00000000e0000000, 0x00000000e2b00000, 0x00000000f5580000)
  object space 44032K, 5% used [0x00000000e0000000,0x00000000e0253e78,0x00000000e2b00000)
 Metaspace       used 10452K, capacity 10984K, committed 11264K, reserved 1058816K
  class space    used 1622K, capacity 1704K, committed 1792K, reserved 1048576K
}
Event: 13.298 GC heap before
{Heap before GC invocations=3 (full 0):
 PSYoungGen      total 18944K, used 18931K [0x00000000f5580000, 0x00000000f6a80000, 0x0000000100000000)
  eden space 16384K, 100% used [0x00000000f5580000,0x00000000f6580000,0x00000000f6580000)
  from space 2560K, 99% used [0x00000000f6800000,0x00000000f6a7cdc0,0x00000000f6a80000)
  to   space 2560K, 0% used [0x00000000f6580000,0x00000000f6580000,0x00000000f6800000)
 ParOldGen       total 44032K, used 2383K [0x00000000e0000000, 0x00000000e2b00000, 0x00000000f5580000)
  object space 44032K, 5% used [0x00000000e0000000,0x00000000e0253e78,0x00000000e2b00000)
 Metaspace       used 13640K, capacity 13992K, committed 14208K, reserved 1060864K
  class space    used 2318K, capacity 2408K, committed 2432K, reserved 1048576K
Event: 13.306 GC heap after
Heap after GC invocations=3 (full 0):
 PSYoungGen      total 18944K, used 2550K [0x00000000f5580000, 0x00000000f6a80000, 0x0000000100000000)
  eden space 16384K, 0% used [0x00000000f5580000,0x00000000f5580000,0x00000000f6580000)
  from space 2560K, 99% used [0x00000000f6580000,0x00000000f67fdac0,0x00000000f6800000)
  to   space 2560K, 0% used [0x00000000f6800000,0x00000000f6800000,0x00000000f6a80000)
 ParOldGen       total 44032K, used 3843K [0x00000000e0000000, 0x00000000e2b00000, 0x00000000f5580000)
  object space 44032K, 8% used [0x00000000e0000000,0x00000000e03c0d10,0x00000000e2b00000)
 Metaspace       used 13640K, capacity 13992K, committed 14208K, reserved 1060864K
  class space    used 2318K, capacity 2408K, committed 2432K, reserved 1048576K
}
Event: 14.853 GC heap before
{Heap before GC invocations=4 (full 0):
 PSYoungGen      total 18944K, used 18934K [0x00000000f5580000, 0x00000000f6a80000, 0x0000000100000000)
  eden space 16384K, 100% used [0x00000000f5580000,0x00000000f6580000,0x00000000f6580000)
  from space 2560K, 99% used [0x00000000f6580000,0x00000000f67fdac0,0x00000000f6800000)
  to   space 2560K, 0% used [0x00000000f6800000,0x00000000f6800000,0x00000000f6a80000)
 ParOldGen       total 44032K, used 3843K [0x00000000e0000000, 0x00000000e2b00000, 0x00000000f5580000)
  object space 44032K, 8% used [0x00000000e0000000,0x00000000e03c0d10,0x00000000e2b00000)
 Metaspace       used 15780K, capacity 16008K, committed 16128K, reserved 1062912K
  class space    used 2691K, capacity 2760K, committed 2816K, reserved 1048576K
Event: 14.865 GC heap after
Heap after GC invocations=4 (full 0):
 PSYoungGen      total 18944K, used 2541K [0x00000000f5580000, 0x00000000f6a80000, 0x0000000100000000)
  eden space 16384K, 0% used [0x00000000f5580000,0x00000000f5580000,0x00000000f6580000)
  from space 2560K, 99% used [0x00000000f6800000,0x00000000f6a7b478,0x00000000f6a80000)
  to   space 2560K, 0% used [0x00000000f6580000,0x00000000f6580000,0x00000000f6800000)
 ParOldGen       total 44032K, used 5816K [0x00000000e0000000, 0x00000000e2b00000, 0x00000000f5580000)
  object space 44032K, 13% used [0x00000000e0000000,0x00000000e05ae328,0x00000000e2b00000)
 Metaspace       used 15780K, capacity 16008K, committed 16128K, reserved 1062912K
  class space    used 2691K, capacity 2760K, committed 2816K, reserved 1048576K
}

Deoptimization events (7 events):
Event: 5.263 Thread 0x00000000026f2800 Uncommon trap: reason=unstable_if action=reinterpret pc=0x000000000298ea18 method=java.lang.String.indexOf([CII[CIII)I @ 3
Event: 7.438 Thread 0x00000000026f2800 Uncommon trap: reason=unstable_if action=reinterpret pc=0x0000000002a2e35c method=java.util.HashMap.getNode(ILjava/lang/Object;)Ljava/util/HashMap$Node; @ 116
Event: 7.442 Thread 0x00000000026f2800 Uncommon trap: reason=unstable_if action=reinterpret pc=0x000000000292a1d0 method=java.lang.String.startsWith(Ljava/lang/String;I)Z @ 25
Event: 11.980 Thread 0x00000000026f2800 Uncommon trap: reason=unstable_if action=reinterpret pc=0x00000000029c4b88 method=java.net.URI.match(CJJ)Z @ 19
Event: 12.036 Thread 0x00000000026f2800 Uncommon trap: reason=unstable_if action=reinterpret pc=0x0000000002a2bc28 method=java.lang.String.regionMatches(ZILjava/lang/String;II)Z @ 123
Event: 12.085 Thread 0x00000000026f2800 Uncommon trap: reason=unstable_if action=reinterpret pc=0x0000000002a1a7ac method=java.util.HashMap.getNode(ILjava/lang/Object;)Ljava/util/HashMap$Node; @ 116
Event: 13.969 Thread 0x00000000026f2800 Uncommon trap: reason=unstable_if action=reinterpret pc=0x0000000002ad2c30 method=java.util.regex.Pattern$BmpCharProperty.match(Ljava/util/regex/Matcher;ILjava/lang/CharSequence;)Z @ 5

Internal exceptions (9 events):
Event: 0.842 Thread 0x00000000026f2800 Exception <a 'java/lang/NoSuchMethodError': Method sun.misc.Unsafe.defineClass(Ljava/lang/String;[BII)Ljava/lang/Class; name or signature does not match> (0x00000000f5587c78) thrown at [C:\re\workspace\8-2-build-windows-amd64-cygwin\jdk8u111\7883\hotspot\
Event: 0.842 Thread 0x00000000026f2800 Exception <a 'java/lang/NoSuchMethodError': Method sun.misc.Unsafe.prefetchRead(Ljava/lang/Object;J)V name or signature does not match> (0x00000000f5587f60) thrown at [C:\re\workspace\8-2-build-windows-amd64-cygwin\jdk8u111\7883\hotspot\src\share\vm\prims
Event: 2.150 Thread 0x00000000026f2800 Exception <a 'java/security/PrivilegedActionException'> (0x00000000f58d9de8) thrown at [C:\re\workspace\8-2-build-windows-amd64-cygwin\jdk8u111\7883\hotspot\src\share\vm\prims\jvm.cpp, line 1386]
Event: 2.150 Thread 0x00000000026f2800 Exception <a 'java/security/PrivilegedActionException'> (0x00000000f58d9ff8) thrown at [C:\re\workspace\8-2-build-windows-amd64-cygwin\jdk8u111\7883\hotspot\src\share\vm\prims\jvm.cpp, line 1386]
Event: 2.151 Thread 0x00000000026f2800 Exception <a 'java/security/PrivilegedActionException'> (0x00000000f58ddc40) thrown at [C:\re\workspace\8-2-build-windows-amd64-cygwin\jdk8u111\7883\hotspot\src\share\vm\prims\jvm.cpp, line 1386]
Event: 2.151 Thread 0x00000000026f2800 Exception <a 'java/security/PrivilegedActionException'> (0x00000000f58dde50) thrown at [C:\re\workspace\8-2-build-windows-amd64-cygwin\jdk8u111\7883\hotspot\src\share\vm\prims\jvm.cpp, line 1386]
Event: 12.072 Thread 0x00000000026f2800 Exception <a 'java/io/FileNotFoundException'> (0x00000000f58c3a78) thrown at [C:\re\workspace\8-2-build-windows-amd64-cygwin\jdk8u111\7883\hotspot\src\share\vm\prims\jni.cpp, line 709]
Event: 14.104 Thread 0x00000000026f2800 Exception <a 'java/lang/ClassNotFoundException': com/sun/tools/javac/api/JavacTool> (0x00000000f5e65690) thrown at [C:\re\workspace\8-2-build-windows-amd64-cygwin\jdk8u111\7883\hotspot\src\share\vm\classfile\systemDictionary.cpp, line 210]
Event: 14.118 Thread 0x00000000026f2800 Exception <a 'java/lang/NullPointerException'> (0x00000000f5e66d30) thrown at [C:\re\workspace\8-2-build-windows-amd64-cygwin\jdk8u111\7883\hotspot\src\share\vm\interpreter\linkResolver.cpp, line 1178]

Events (10 events):
Event: 14.887 loading class sbt/Plugins$$anonfun$deducer$2
Event: 14.887 loading class sbt/Plugins$$anonfun$deducer$2 done
Event: 14.895 loading class sbt/logic/Formula
Event: 14.895 loading class sbt/logic/Formula done
Event: 14.907 loading class sbt/logic/Literal
Event: 14.907 loading class sbt/logic/Literal done
Event: 14.908 loading class sbt/logic/Formula$True$
Event: 14.908 loading class sbt/logic/Formula$True$ done
Event: 14.909 loading class sbt/logic/Atom
Event: 14.909 loading class sbt/logic/Atom done


Dynamic libraries:
0x00007ff7caaf0000 - 0x00007ff7cab27000 	C:\ProgramData\Oracle\Java\javapath\java.exe
0x00007fff4bb00000 - 0x00007fff4bcd1000 	C:\WINDOWS\SYSTEM32\ntdll.dll
0x00007fff49c50000 - 0x00007fff49cfc000 	C:\WINDOWS\System32\KERNEL32.DLL
0x00007fff48350000 - 0x00007fff4856d000 	C:\WINDOWS\System32\KERNELBASE.dll
0x00007fff4b210000 - 0x00007fff4b2b2000 	C:\WINDOWS\System32\ADVAPI32.dll
0x00007fff491f0000 - 0x00007fff4928e000 	C:\WINDOWS\System32\msvcrt.dll
0x00007fff499f0000 - 0x00007fff49a49000 	C:\WINDOWS\System32\sechost.dll
0x00007fff49780000 - 0x00007fff498a1000 	C:\WINDOWS\System32\RPCRT4.dll
0x00007fff4b540000 - 0x00007fff4b6a5000 	C:\WINDOWS\System32\USER32.dll
0x00007fff48230000 - 0x00007fff4824e000 	C:\WINDOWS\System32\win32u.dll
0x00007fff498c0000 - 0x00007fff498f4000 	C:\WINDOWS\System32\GDI32.dll
0x00007fff48000000 - 0x00007fff48180000 	C:\WINDOWS\System32\gdi32full.dll
0x00007fff37b10000 - 0x00007fff37d8a000 	C:\WINDOWS\WinSxS\amd64_microsoft.windows.common-controls_6595b64144ccf1df_6.0.14393.953_none_42151e83c686086b\COMCTL32.dll
0x00007fff4b720000 - 0x00007fff4b9e8000 	C:\WINDOWS\System32\combase.dll
0x00007fff48250000 - 0x00007fff48345000 	C:\WINDOWS\System32\ucrtbase.dll
0x00007fff48d00000 - 0x00007fff48d6a000 	C:\WINDOWS\System32\bcryptPrimitives.dll
0x00007fff49900000 - 0x00007fff4992e000 	C:\WINDOWS\System32\IMM32.DLL
0x0000000058c20000 - 0x0000000058cf2000 	C:\Program Files\Java\jre1.8.0_111\bin\msvcr100.dll
0x0000000058380000 - 0x0000000058c1a000 	C:\Program Files\Java\jre1.8.0_111\bin\server\jvm.dll
0x00007fff498b0000 - 0x00007fff498b8000 	C:\WINDOWS\System32\PSAPI.DLL
0x00007fff39b30000 - 0x00007fff39b39000 	C:\WINDOWS\SYSTEM32\WSOCK32.dll
0x00007fff3a1b0000 - 0x00007fff3a1ba000 	C:\WINDOWS\SYSTEM32\VERSION.dll
0x00007fff45c90000 - 0x00007fff45cb3000 	C:\WINDOWS\SYSTEM32\WINMM.dll
0x00007fff4b9f0000 - 0x00007fff4ba5a000 	C:\WINDOWS\System32\WS2_32.dll
0x0000000000d80000 - 0x0000000000dab000 	C:\WINDOWS\SYSTEM32\WINMMBASE.dll
0x00007fff48f40000 - 0x00007fff48f82000 	C:\WINDOWS\System32\cfgmgr32.dll
0x0000000058370000 - 0x000000005837f000 	C:\Program Files\Java\jre1.8.0_111\bin\verify.dll
0x0000000058340000 - 0x0000000058369000 	C:\Program Files\Java\jre1.8.0_111\bin\java.dll
0x0000000058320000 - 0x0000000058336000 	C:\Program Files\Java\jre1.8.0_111\bin\zip.dll
0x00007fff49d00000 - 0x00007fff4b208000 	C:\WINDOWS\System32\SHELL32.dll
0x00007fff48570000 - 0x00007fff48c4a000 	C:\WINDOWS\System32\windows.storage.dll
0x00007fff47f70000 - 0x00007fff47fbc000 	C:\WINDOWS\System32\powrprof.dll
0x00007fff49a50000 - 0x00007fff49aa2000 	C:\WINDOWS\System32\shlwapi.dll
0x00007fff47fd0000 - 0x00007fff47fdf000 	C:\WINDOWS\System32\kernel.appcore.dll
0x00007fff48c50000 - 0x00007fff48cf9000 	C:\WINDOWS\System32\shcore.dll
0x00007fff47fe0000 - 0x00007fff47ff4000 	C:\WINDOWS\System32\profapi.dll
0x0000000058300000 - 0x000000005831a000 	C:\Program Files\Java\jre1.8.0_111\bin\net.dll
0x00007fff47840000 - 0x00007fff4789c000 	C:\WINDOWS\system32\mswsock.dll
0x00000000582e0000 - 0x00000000582f1000 	C:\Program Files\Java\jre1.8.0_111\bin\nio.dll
0x00007fff479e0000 - 0x00007fff479f7000 	C:\WINDOWS\SYSTEM32\CRYPTSP.dll
0x00007fff47440000 - 0x00007fff47473000 	C:\WINDOWS\system32\rsaenh.dll
0x00007fff47eb0000 - 0x00007fff47edb000 	C:\WINDOWS\SYSTEM32\bcrypt.dll
0x00007fff476c0000 - 0x00007fff476df000 	C:\WINDOWS\SYSTEM32\USERENV.dll
0x00007fff47a00000 - 0x00007fff47a0b000 	C:\WINDOWS\SYSTEM32\CRYPTBASE.dll
0x00007fff475c0000 - 0x00007fff475f8000 	C:\WINDOWS\SYSTEM32\IPHLPAPI.DLL
0x00007fff4b530000 - 0x00007fff4b538000 	C:\WINDOWS\System32\NSI.dll
0x00007fff41040000 - 0x00007fff41056000 	C:\WINDOWS\SYSTEM32\dhcpcsvc6.DLL
0x00007fff41020000 - 0x00007fff4103a000 	C:\WINDOWS\SYSTEM32\dhcpcsvc.DLL
0x00007fff3e6c0000 - 0x00007fff3e6ca000 	C:\Users\Mingina\AppData\Local\Temp\jansi-64-1-4282855100194442533.11

VM Arguments:
jvm_args: -Xmx512M -XX:MaxPermSize=256m -XX:ReservedCodeCacheSize=128m -Dsbt.log.format=true 
java_command: xsbt.boot.Boot
java_class_path (initial): C:\Program Files (x86)\sbt\bin\sbt-launch.jar
Launcher Type: SUN_STANDARD

Environment Variables:
CLASSPATH=.;.;C:\PROGRA~2\JMF21~1.1E\lib\sound.jar;C:\PROGRA~2\JMF21~1.1E\lib\jmf.jar;C:\PROGRA~2\JMF21~1.1E\lib
PATH=C:\Python27\;C:\Python27\Scripts;C:\ProgramData\Oracle\Java\javapath;C:\WINDOWS\system32;C:\WINDOWS;C:\WINDOWS\System32\Wbem;C:\WINDOWS\System32\WindowsPowerShell\v1.0\;C:\Program Files\Microsoft SQL Server\120\Tools\Binn\;C:\Program Files\Microsoft SQL Server\Client SDK\ODBC\110\Tools\Binn\;C:\Program Files (x86)\Microsoft SQL Server\120\Tools\Binn\;C:\Program Files\Microsoft SQL Server\120\DTS\Binn\;C:\Program Files (x86)\Microsoft SQL Server\120\Tools\Binn\ManagementStudio\;C:\Program Files (x86)\Microsoft SQL Server\120\DTS\Binn\;C:\Program Files\Microsoft SQL Server\110\Tools\Binn\;C:\Program Files\Microsoft SQL Server\130\Tools\Binn\;C:\Program Files (x86)\Windows Kits\10\Windows Performance Toolkit\;C:\Program Files\Microsoft\Web Platform Installer\;C:\wamp64\bin\php\php5.6.16;C:\ProgramData\ComposerSetup\bin;C:\HashiCorp\Vagrant\bin;C:\Program Files\Git\cmd;C:\Program Files (x86)\Microsoft SQL Server\110\DTS\Binn\;C:\Program Files (x86)\Microsoft SQL Server\130\DTS\Binn\;C:\Program Files\dotnet\;C:\Program Files (x86)\Skype\Phone\;C:\Program Files\nodejs\;C:\Program Files (x86)\Brackets\command;C:\Program Files (x86)\sbt\bin;C:\Bin\play-java-starter-example\;C:\Program Files\MySQL\MySQL Server 5.7\bin;C:\Program Files\MySQL\MySQL Utilities 1.6\;C:\Program Files\Java\jdk1.8.0_51\bin;C:\Program Files\MySQL\MySQL Server 5.7\bin;C:\Users\Mingina\AppData\Roaming\Composer\vendor\bin;C:\Users\Mingina\AppData\Local\Microsoft\WindowsApps;C:\Program Files\Sublime Text 3;C:\Users\Mingina\AppData\Roaming\npm;C:\Program Files\MySQL\MySQL Server 5.7\bin
USERNAME=Mingina
OS=Windows_NT
PROCESSOR_IDENTIFIER=Intel64 Family 6 Model 42 Stepping 7, GenuineIntel



---------------  S Y S T E M  ---------------

OS: Windows 10.0 , 64 bit Build 14393 (10.0.14393.1198)

CPU:total 4 (2 cores per cpu, 2 threads per core) family 6 model 42 stepping 7, cmov, cx8, fxsr, mmx, sse, sse2, sse3, ssse3, sse4.1, sse4.2, popcnt, avx, clmul, ht, tsc, tscinvbit

Memory: 4k page, physical 4088092k(451280k free), swap 8184092k(4132k free)

vm_info: Java HotSpot(TM) 64-Bit Server VM (25.111-b14) for windows-amd64 JRE (1.8.0_111-b14), built on Sep 22 2016 19:24:05 by "java_re" with MS VC++ 10.0 (VS2010)

time: Fri Oct 06 16:52:52 2017
elapsed time: 15 seconds (0d 0h 0m 15s)

